Ajout du film 'Fight Club' à la liste.
Ajout du film 'Fight Club' à la liste.
Ajout du film 'Fight Club' à la liste.
Ajout du film 'Fight Club' à la liste.
Ajout du film 'Fight Club' à la liste.
Ajout du film 'Fight Club' à la liste.
Ajout du film 'Fight Club' à la liste.
Ajout du film 'Fight Club' à la liste.
Ajout du film 'Star Wars' à la liste.
Ajout du film 'Star Wars' à la liste.
Ajout du film 'Star Wars' à la liste.
Ajout du film 'Ca' à la liste.
Ajout du film 'Ca' à la liste.
Ajout du film 'Ca' à la liste.
Obtention de la liste alphabétique des noms de films.
Affichage de tous les films.
Affichage de tous les films.
Obtention du nombre de films par genre.
Obtention de la liste des films favoris.
Obtention de la liste des films pour le genre 'Action'.
Ajout du film 'Fight Club' à la liste.
Ajout du film 'Fight Club' à la liste.
Ajout du film 'Fight Club' à la liste.
Ajout du film 'Star Wars' à la liste.
Ajout du film 'Star Wars' à la liste.
Ajout du film 'Star Wars' à la liste.
Ajout du film 'Ca' à la liste.
Ajout du film 'Ca' à la liste.
Ajout du film 'Ca' à la liste.
Obtention de la liste alphabétique des noms de films.
Affichage de tous les films.
Affichage de tous les films.
Obtention du nombre de films par genre.
Obtention de la liste des films favoris.
Obtention de la liste des films pour le genre 'Action'.
Ajout du film 'Top Gun' à la liste.
Ajout du film 'Top Gun' à la liste.
Ajout du film 'The Dark Knight' à la liste.
Ajout du film 'The Dark Knight' à la liste.
Ajout du film 'La La Land' à la liste.
Ajout du film 'La La Land' à la liste.
Ajout du film 'Top Gun' à la liste.
Ajout du film 'The Dark Knight' à la liste.
Ajout du film 'La La Land' à la liste.
Affichage de tous les films.
Ajout du film 'Fight Club' à la liste.
Ajout du film 'Fight Club' à la liste.
Ajout du film 'Fight Club' à la liste.
Ajout du film 'Star Wars' à la liste.
Ajout du film 'Star Wars' à la liste.
Ajout du film 'Star Wars' à la liste.
Ajout du film 'Ca' à la liste.
Ajout du film 'Ca' à la liste.
Ajout du film 'Ca' à la liste.
Obtention de la liste alphabétique des noms de films.
Affichage de tous les films.
Affichage de tous les films.
Obtention du nombre de films par genre.
Obtention de la liste des films favoris.
Obtention de la liste des films pour le genre 'Action'.
Ajout du film 'Top Gun' à la liste.
Ajout du film 'Top Gun' à la liste.
Ajout du film 'The Dark Knight' à la liste.
Ajout du film 'The Dark Knight' à la liste.
Ajout du film 'La La Land' à la liste.
Ajout du film 'La La Land' à la liste.
Ajout du film 'Top Gun' à la liste.
Ajout du film 'The Dark Knight' à la liste.
Ajout du film 'La La Land' à la liste.
Affichage de tous les films.
Ajout du film 'Fight Club' à la liste.
Ajout du film 'Fight Club' à la liste.
Ajout du film 'Fight Club' à la liste.
Ajout du film 'Star Wars' à la liste.
Ajout du film 'Star Wars' à la liste.
Ajout du film 'Star Wars' à la liste.
Ajout du film 'Ca' à la liste.
Ajout du film 'Ca' à la liste.
Ajout du film 'Ca' à la liste.
Obtention de la liste alphabétique des noms de films.
Affichage de tous les films.
Affichage de tous les films.
Obtention du nombre de films par genre.
Obtention de la liste des films favoris.
Obtention de la liste des films pour le genre 'Action'.
Ajout du film 'Top Gun' à la liste.
Ajout du film 'Top Gun' à la liste.
Ajout du film 'The Dark Knight' à la liste.
Ajout du film 'The Dark Knight' à la liste.
Ajout du film 'La La Land' à la liste.
Ajout du film 'La La Land' à la liste.
Ajout du film 'Top Gun' à la liste.
Ajout du film 'The Dark Knight' à la liste.
Ajout du film 'La La Land' à la liste.
Affichage de tous les films.
Ajout du film 'Fight Club' à la liste.
Ajout du film 'Fight Club' à la liste.
Ajout du film 'Fight Club' à la liste.
Ajout du film 'Star Wars' à la liste.
Ajout du film 'Star Wars' à la liste.
Ajout du film 'Star Wars' à la liste.
Ajout du film 'Ca' à la liste.
Ajout du film 'Ca' à la liste.
Ajout du film 'Ca' à la liste.
Obtention de la liste alphabétique des noms de films.
Affichage de tous les films.
Affichage de tous les films.
Obtention du nombre de films par genre.
Obtention de la liste des films favoris.
Obtention de la liste des films pour le genre 'Action'.
Ajout du film 'Top Gun' à la liste.
Ajout du film 'Top Gun' à la liste.
Ajout du film 'The Dark Knight' à la liste.
Ajout du film 'The Dark Knight' à la liste.
Ajout du film 'La La Land' à la liste.
Ajout du film 'La La Land' à la liste.
Ajout du film 'Top Gun' à la liste.
Ajout du film 'The Dark Knight' à la liste.
Ajout du film 'La La Land' à la liste.
Ajout du film 'Fight Club' à la liste.
Ajout du film 'Fight Club' à la liste.
Ajout du film 'Fight Club' à la liste.
Ajout du film 'Star Wars' à la liste.
Ajout du film 'Star Wars' à la liste.
Ajout du film 'Star Wars' à la liste.
Ajout du film 'Ca' à la liste.
Ajout du film 'Ca' à la liste.
Ajout du film 'Ca' à la liste.
Obtention de la liste alphabétique des noms de films.
Affichage de tous les films.
Affichage de tous les films.
Obtention du nombre de films par genre.
Obtention de la liste des films favoris.
Obtention de la liste des films pour le genre 'Action'.
Ajout du film 'Top Gun' à la liste.
Ajout du film 'Top Gun' à la liste.
Ajout du film 'The Dark Knight' à la liste.
Ajout du film 'The Dark Knight' à la liste.
Ajout du film 'La La Land' à la liste.
Ajout du film 'La La Land' à la liste.
Ajout du film 'Fight Club' à la liste.
Ajout du film 'Fight Club' à la liste.
Ajout du film 'Fight Club' à la liste.
Ajout du film 'Star Wars' à la liste.
Ajout du film 'Star Wars' à la liste.
Ajout du film 'Star Wars' à la liste.
Ajout du film 'Ca' à la liste.
Ajout du film 'Ca' à la liste.
Ajout du film 'Ca' à la liste.
Obtention de la liste alphabétique des noms de films.
Affichage de tous les films.
Affichage de tous les films.
Obtention du nombre de films par genre.
Obtention de la liste des films favoris.
Obtention de la liste des films pour le genre 'Action'.
Ajout du film 'Top Gun' à la liste.
Ajout du film 'Top Gun' à la liste.
Ajout du film 'The Dark Knight' à la liste.
Ajout du film 'The Dark Knight' à la liste.
Ajout du film 'La La Land' à la liste.
Ajout du film 'La La Land' à la liste.
Ajout du film 'La La Land' à la liste.
Ajout du film 'Fight Club' à la liste.
Ajout du film 'Fight Club' à la liste.
Ajout du film 'Fight Club' à la liste.
Ajout du film 'Star Wars' à la liste.
Ajout du film 'Star Wars' à la liste.
Ajout du film 'Star Wars' à la liste.
Ajout du film 'Ca' à la liste.
Ajout du film 'Ca' à la liste.
Ajout du film 'Ca' à la liste.
Obtention de la liste alphabétique des noms de films.
Affichage de tous les films.
Affichage de tous les films.
Obtention du nombre de films par genre.
Obtention de la liste des films favoris.
Obtention de la liste des films pour le genre 'Action'.
Ajout du film 'Top Gun' à la liste.
Ajout du film 'Top Gun' à la liste.
Ajout du film 'Top Gun' à la liste.
Ajout du film 'The Dark Knight' à la liste.
Ajout du film 'The Dark Knight' à la liste.
Ajout du film 'The Dark Knight' à la liste.
Ajout du film 'La La Land' à la liste.
Ajout du film 'La La Land' à la liste.
Ajout du film 'La La Land' à la liste.
Ajout du film 'Fight Club' à la liste.
Ajout du film 'Fight Club' à la liste.
Ajout du film 'Fight Club' à la liste.
Ajout du film 'Star Wars' à la liste.
Ajout du film 'Star Wars' à la liste.
Ajout du film 'Star Wars' à la liste.
Ajout du film 'Ca' à la liste.
Ajout du film 'Ca' à la liste.
Ajout du film 'Ca' à la liste.
Obtention de la liste alphabétique des noms de films.
Affichage de tous les films.
Affichage de tous les films.
Obtention du nombre de films par genre.
Obtention de la liste des films favoris.
Obtention de la liste des films pour le genre 'Action'.
Ajout du film 'Top Gun' à la liste.
Ajout du film 'Top Gun' à la liste.
Ajout du film 'Top Gun' à la liste.
Ajout du film 'The Dark Knight' à la liste.
Ajout du film 'The Dark Knight' à la liste.
Ajout du film 'The Dark Knight' à la liste.
Ajout du film 'La La Land' à la liste.
Ajout du film 'La La Land' à la liste.
Ajout du film 'La La Land' à la liste.
Affichage de tous les films.
Ajout du film 'Fight Club' à la liste.
Ajout du film 'Fight Club' à la liste.
Ajout du film 'Fight Club' à la liste.
Ajout du film 'Star Wars' à la liste.
Ajout du film 'Star Wars' à la liste.
Ajout du film 'Star Wars' à la liste.
Ajout du film 'Ca' à la liste.
Ajout du film 'Ca' à la liste.
Ajout du film 'Ca' à la liste.
Obtention de la liste alphabétique des noms de films.
Affichage de tous les films.
Affichage de tous les films.
Obtention du nombre de films par genre.
Obtention de la liste des films favoris.
Obtention de la liste des films pour le genre 'Action'.
Ajout du film 'Top Gun' à la liste.
Ajout du film 'Top Gun' à la liste.
Ajout du film 'Top Gun' à la liste.
Ajout du film 'The Dark Knight' à la liste.
Ajout du film 'The Dark Knight' à la liste.
Ajout du film 'The Dark Knight' à la liste.
Ajout du film 'La La Land' à la liste.
Ajout du film 'La La Land' à la liste.
Ajout du film 'La La Land' à la liste.
Affichage de tous les films.
Ajout du film 'Fight Club' à la liste.
Ajout du film 'Fight Club' à la liste.
Ajout du film 'Fight Club' à la liste.
Ajout du film 'Star Wars' à la liste.
Ajout du film 'Star Wars' à la liste.
Ajout du film 'Star Wars' à la liste.
Ajout du film 'Ca' à la liste.
Ajout du film 'Ca' à la liste.
Ajout du film 'Ca' à la liste.
Obtention de la liste alphabétique des noms de films.
Affichage de tous les films.
Obtention du nombre de films par genre.
Obtention de la liste des films favoris.
Obtention de la liste des films pour le genre 'Action'.
Ajout du film 'Fight Club' à la liste.
Ajout du film 'Fight Club' à la liste.
Ajout du film 'Fight Club' à la liste.
Ajout du film 'Star Wars' à la liste.
Ajout du film 'Star Wars' à la liste.
Ajout du film 'Star Wars' à la liste.
Ajout du film 'Ca' à la liste.
Ajout du film 'Ca' à la liste.
Ajout du film 'Ca' à la liste.
Obtention de la liste alphabétique des noms de films.
Affichage de tous les films.
Obtention du nombre de films par genre.
Obtention de la liste des films favoris.
Obtention de la liste des films pour le genre 'Action'.
Ajout du film 'Top Gun' à la liste.
Ajout du film 'Top Gun' à la liste.
Ajout du film 'Top Gun' à la liste.
Ajout du film 'The Dark Knight' à la liste.
Ajout du film 'The Dark Knight' à la liste.
Ajout du film 'The Dark Knight' à la liste.
Ajout du film 'La La Land' à la liste.
Ajout du film 'La La Land' à la liste.
Ajout du film 'La La Land' à la liste.
Affichage de tous les films.
Ajout du film 'Fight Club' à la liste.
Ajout du film 'Fight Club' à la liste.
Ajout du film 'Fight Club' à la liste.
Ajout du film 'Star Wars' à la liste.
Ajout du film 'Star Wars' à la liste.
Ajout du film 'Star Wars' à la liste.
Ajout du film 'Ca' à la liste.
Ajout du film 'Ca' à la liste.
Ajout du film 'Ca' à la liste.
Obtention de la liste alphabétique des noms de films.
Affichage de tous les films.
Obtention du nombre de films par genre.
Obtention de la liste des films favoris.
Obtention de la liste des films pour le genre 'Action'.
Ajout du film 'Fight Club' à la liste.
Ajout du film 'Fight Club' à la liste.
Ajout du film 'Fight Club' à la liste.
Ajout du film 'Star Wars' à la liste.
Ajout du film 'Star Wars' à la liste.
Ajout du film 'Star Wars' à la liste.
Ajout du film 'Ca' à la liste.
Ajout du film 'Ca' à la liste.
Ajout du film 'Ca' à la liste.
Obtention de la liste alphabétique des noms de films.
Affichage de tous les films.
Affichage de tous les films.
Obtention du nombre de films par genre.
Obtention de la liste des films favoris.
Obtention de la liste des films pour le genre 'Action'.
Ajout du film 'Fight Club' à la liste.
Ajout du film 'Fight Club' à la liste.
Ajout du film 'Fight Club' à la liste.
Ajout du film 'Star Wars' à la liste.
Ajout du film 'Star Wars' à la liste.
Ajout du film 'Star Wars' à la liste.
Ajout du film 'Ca' à la liste.
Ajout du film 'Ca' à la liste.
Ajout du film 'Ca' à la liste.
Obtention de la liste alphabétique des noms de films.
Affichage de tous les films.
Affichage de tous les films.
Obtention du nombre de films par genre.
Obtention de la liste des films favoris.
Obtention de la liste des films pour le genre 'Action'.
Ajout du film 'Top Gun' à la liste.
Ajout du film 'Top Gun' à la liste.
Ajout du film 'Top Gun' à la liste.
Ajout du film 'The Dark Knight' à la liste.
Ajout du film 'The Dark Knight' à la liste.
Ajout du film 'The Dark Knight' à la liste.
Ajout du film 'La La Land' à la liste.
Ajout du film 'La La Land' à la liste.
Ajout du film 'La La Land' à la liste.
Affichage de tous les films.
Ajout du film 'Fight Club' à la liste.
Ajout du film 'Fight Club' à la liste.
Ajout du film 'Fight Club' à la liste.
Ajout du film 'Star Wars' à la liste.
Ajout du film 'Star Wars' à la liste.
Ajout du film 'Star Wars' à la liste.
Ajout du film 'Ca' à la liste.
Ajout du film 'Ca' à la liste.
Ajout du film 'Ca' à la liste.
Obtention de la liste alphabétique des noms de films.
Affichage de tous les films.
Affichage de tous les films.
Obtention du nombre de films par genre.
Obtention de la liste des films favoris.
Obtention de la liste des films pour le genre 'Action'.
Ajout du film 'Fight Club' à la liste.
Ajout du film 'Fight Club' à la liste.
Ajout du film 'Fight Club' à la liste.
Ajout du film 'Star Wars' à la liste.
Ajout du film 'Star Wars' à la liste.
Ajout du film 'Star Wars' à la liste.
Ajout du film 'Ca' à la liste.
Ajout du film 'Ca' à la liste.
Ajout du film 'Ca' à la liste.
Obtention de la liste alphabétique des noms de films.
Affichage de tous les films.
Affichage de tous les films.
Obtention du nombre de films par genre.
Obtention de la liste des films favoris.
Obtention de la liste des films pour le genre 'Action'.
Ajout du film 'Fight Club' à la liste.
Ajout du film 'Fight Club' à la liste.
Ajout du film 'Fight Club' à la liste.
Ajout du film 'Star Wars' à la liste.
Ajout du film 'Star Wars' à la liste.
Ajout du film 'Star Wars' à la liste.
Ajout du film 'Ca' à la liste.
Ajout du film 'Ca' à la liste.
Ajout du film 'Ca' à la liste.
Obtention de la liste alphabétique des noms de films.
Affichage de tous les films.
Affichage de tous les films.
Obtention du nombre de films par genre.
Obtention de la liste des films favoris.
Obtention de la liste des films pour le genre 'Action'.
Ajout du film 'Fight Club' à la liste.
Ajout du film 'Fight Club' à la liste.
Ajout du film 'Fight Club' à la liste.
Ajout du film 'Star Wars' à la liste.
Ajout du film 'Star Wars' à la liste.
Ajout du film 'Star Wars' à la liste.
Ajout du film 'Ca' à la liste.
Ajout du film 'Ca' à la liste.
Ajout du film 'Ca' à la liste.
Obtention de la liste alphabétique des noms de films.
Affichage de tous les films.
Affichage de tous les films.
Obtention du nombre de films par genre.
Obtention de la liste des films favoris.
Obtention de la liste des films pour le genre 'Action'.
Ajout du film 'Fight Club' à la liste.
Ajout du film 'Fight Club' à la liste.
Le film 'Fight Club' est déjà dans la liste.
Ajout du film 'Star Wars' à la liste.
Ajout du film 'Star Wars' à la liste.
Le film 'Star Wars' est déjà dans la liste.
Ajout du film 'Ca' à la liste.
Ajout du film 'Ca' à la liste.
Le film 'Ca' est déjà dans la liste.
Obtention de la liste alphabétique des noms de films.
Affichage de tous les films.
Affichage de tous les films.
Obtention du nombre de films par genre.
Obtention de la liste des films favoris.
Obtention de la liste des films pour le genre 'Action'.
Ajout du film 'Fight Club' à la liste.
Ajout du film 'Fight Club' à la liste.
Le film 'Fight Club' est déjà dans la liste.
Ajout du film 'Star Wars' à la liste.
Ajout du film 'Star Wars' à la liste.
Le film 'Star Wars' est déjà dans la liste.
Ajout du film 'Ca' à la liste.
Ajout du film 'Ca' à la liste.
Le film 'Ca' est déjà dans la liste.
Obtention de la liste alphabétique des noms de films.
Affichage de tous les films.
Affichage de tous les films.
Obtention du nombre de films par genre.
Obtention de la liste des films favoris.
Obtention de la liste des films pour le genre 'Action'.
Ajout du film 'Fight Club' à la liste.
Ajout du film 'Fight Club' à la liste.
Le film 'Fight Club' est déjà dans la liste.
Ajout du film 'Star Wars' à la liste.
Ajout du film 'Star Wars' à la liste.
Le film 'Star Wars' est déjà dans la liste.
Ajout du film 'Ca' à la liste.
Ajout du film 'Ca' à la liste.
Le film 'Ca' est déjà dans la liste.
Obtention de la liste alphabétique des noms de films.
Affichage de tous les films.
Affichage de tous les films.
Obtention du nombre de films par genre.
Obtention de la liste des films favoris.
Obtention de la liste des films pour le genre 'Action'.
Ajout du film 'Top Gun' à la liste.
Ajout du film 'Top Gun' à la liste.
Le film 'Top Gun' est déjà dans la liste.
Ajout du film 'The Dark Knight' à la liste.
Ajout du film 'The Dark Knight' à la liste.
Le film 'The Dark Knight' est déjà dans la liste.
Ajout du film 'La La Land' à la liste.
Ajout du film 'La La Land' à la liste.
Le film 'La La Land' est déjà dans la liste.
Affichage de tous les films.
Ajout du film 'Fight Club' à la liste.
Ajout du film 'Fight Club' à la liste.
Le film 'Fight Club' est déjà dans la liste.
Ajout du film 'Star Wars' à la liste.
Ajout du film 'Star Wars' à la liste.
Le film 'Star Wars' est déjà dans la liste.
Ajout du film 'Ca' à la liste.
Ajout du film 'Ca' à la liste.
Le film 'Ca' est déjà dans la liste.
Obtention de la liste alphabétique des noms de films.
Affichage de tous les films.
Affichage de tous les films.
Obtention du nombre de films par genre.
Obtention de la liste des films favoris.
Obtention de la liste des films pour le genre 'Action'.
Ajout du film 'Top Gun' à la liste.
Ajout du film 'Top Gun' à la liste.
Le film 'Top Gun' est déjà dans la liste.
Ajout du film 'The Dark Knight' à la liste.
Ajout du film 'The Dark Knight' à la liste.
Le film 'The Dark Knight' est déjà dans la liste.
Ajout du film 'La La Land' à la liste.
Ajout du film 'La La Land' à la liste.
Le film 'La La Land' est déjà dans la liste.
Affichage de tous les films.
Ajout du film 'Fight Club' à la liste.
Ajout du film 'Fight Club' à la liste.
Le film 'Fight Club' est déjà dans la liste.
Ajout du film 'Star Wars' à la liste.
Ajout du film 'Star Wars' à la liste.
Le film 'Star Wars' est déjà dans la liste.
Ajout du film 'Ca' à la liste.
Ajout du film 'Ca' à la liste.
Le film 'Ca' est déjà dans la liste.
Obtention de la liste alphabétique des noms de films.
Affichage de tous les films.
Affichage de tous les films.
Obtention du nombre de films par genre.
Obtention de la liste des films favoris.
Obtention de la liste des films pour le genre 'Action'.
Ajout du film 'Top Gun' à la liste.
Ajout du film 'Top Gun' à la liste.
Le film 'Top Gun' est déjà dans la liste.
Ajout du film 'The Dark Knight' à la liste.
Ajout du film 'The Dark Knight' à la liste.
Le film 'The Dark Knight' est déjà dans la liste.
Ajout du film 'La La Land' à la liste.
Ajout du film 'La La Land' à la liste.
Le film 'La La Land' est déjà dans la liste.
Affichage de tous les films.
Ajout du film 'Fight Club' à la liste.
Ajout du film 'Fight Club' à la liste.
Le film 'Fight Club' est déjà dans la liste.
Ajout du film 'Star Wars' à la liste.
Ajout du film 'Star Wars' à la liste.
Le film 'Star Wars' est déjà dans la liste.
Ajout du film 'Ca' à la liste.
Ajout du film 'Ca' à la liste.
Le film 'Ca' est déjà dans la liste.
Obtention de la liste alphabétique des noms de films.
Affichage de tous les films.
Affichage de tous les films.
Obtention du nombre de films par genre.
Obtention de la liste des films favoris.
Obtention de la liste des films pour le genre 'Action'.
Ajout du film 'Top Gun' à la liste.
Ajout du film 'Top Gun' à la liste.
Le film 'Top Gun' est déjà dans la liste.
Ajout du film 'The Dark Knight' à la liste.
Ajout du film 'The Dark Knight' à la liste.
Le film 'The Dark Knight' est déjà dans la liste.
Ajout du film 'La La Land' à la liste.
Ajout du film 'La La Land' à la liste.
Le film 'La La Land' est déjà dans la liste.
Affichage de tous les films.
Ajout du film 'Fight Club' à la liste.
Ajout du film 'Fight Club' à la liste.
Le film 'Fight Club' est déjà dans la liste.
Ajout du film 'Star Wars' à la liste.
Ajout du film 'Star Wars' à la liste.
Le film 'Star Wars' est déjà dans la liste.
Ajout du film 'Ca' à la liste.
Ajout du film 'Ca' à la liste.
Le film 'Ca' est déjà dans la liste.
Obtention de la liste alphabétique des noms de films.
Affichage de tous les films.
Affichage de tous les films.
Obtention du nombre de films par genre.
Obtention de la liste des films favoris.
Obtention de la liste des films pour le genre 'Action'.
Affichage de tous les films.
Ajout du film 'Fight Club' à la liste.
Ajout du film 'Fight Club' à la liste.
Le film 'Fight Club' est déjà dans la liste.
Ajout du film 'Star Wars' à la liste.
Ajout du film 'Star Wars' à la liste.
Le film 'Star Wars' est déjà dans la liste.
Ajout du film 'Ca' à la liste.
Ajout du film 'Ca' à la liste.
Le film 'Ca' est déjà dans la liste.
Obtention de la liste alphabétique des noms de films.
Affichage de tous les films.
Affichage de tous les films.
Obtention du nombre de films par genre.
Obtention de la liste des films favoris.
Obtention de la liste des films pour le genre 'Action'.
Affichage de tous les films.
Ajout du film 'Fight Club' à la liste.
Ajout du film 'Fight Club' à la liste.
Le film 'Fight Club' est déjà dans la liste.
Ajout du film 'Star Wars' à la liste.
Ajout du film 'Star Wars' à la liste.
Le film 'Star Wars' est déjà dans la liste.
Ajout du film 'Ca' à la liste.
Ajout du film 'Ca' à la liste.
Le film 'Ca' est déjà dans la liste.
Obtention de la liste alphabétique des noms de films.
Affichage de tous les films.
Affichage de tous les films.
Obtention du nombre de films par genre.
Obtention de la liste des films favoris.
Obtention de la liste des films pour le genre 'Action'.
Affichage de tous les films.
Ajout du film 'Fight Club' à la liste.
Ajout du film 'Fight Club' à la liste.
Le film 'Fight Club' est déjà dans la liste.
Ajout du film 'Star Wars' à la liste.
Ajout du film 'Star Wars' à la liste.
Le film 'Star Wars' est déjà dans la liste.
Ajout du film 'Ca' à la liste.
Ajout du film 'Ca' à la liste.
Le film 'Ca' est déjà dans la liste.
Obtention de la liste alphabétique des noms de films.
Affichage de tous les films.
Affichage de tous les films.
Obtention du nombre de films par genre.
Obtention de la liste des films favoris.
Obtention de la liste des films pour le genre 'Action'.
Ajout du film 'Fight Club' à la liste.
Ajout du film 'Fight Club' à la liste.
Le film 'Fight Club' est déjà dans la liste.
Ajout du film 'Star Wars' à la liste.
Ajout du film 'Star Wars' à la liste.
Le film 'Star Wars' est déjà dans la liste.
Ajout du film 'Ca' à la liste.
Ajout du film 'Ca' à la liste.
Le film 'Ca' est déjà dans la liste.
Obtention de la liste alphabétique des noms de films.
Affichage de tous les films.
Affichage de tous les films.
Obtention du nombre de films par genre.
Obtention de la liste des films favoris.
Obtention de la liste des films pour le genre 'Action'.
Ajout du film 'Top Gun' à la liste.
Ajout du film 'Top Gun' à la liste.
Le film 'Top Gun' est déjà dans la liste.
Ajout du film 'The Dark Knight' à la liste.
Ajout du film 'The Dark Knight' à la liste.
Le film 'The Dark Knight' est déjà dans la liste.
Ajout du film 'La La Land' à la liste.
Ajout du film 'La La Land' à la liste.
Le film 'La La Land' est déjà dans la liste.
Affichage de tous les films.
Ajout du film 'Fight Club' à la liste.
Ajout du film 'Fight Club' à la liste.
Le film 'Fight Club' est déjà dans la liste.
Ajout du film 'Star Wars' à la liste.
Ajout du film 'Star Wars' à la liste.
Le film 'Star Wars' est déjà dans la liste.
Ajout du film 'Ca' à la liste.
Ajout du film 'Ca' à la liste.
Le film 'Ca' est déjà dans la liste.
Ajout du film 'Top Gun' à la liste.
Ajout du film 'Top Gun' à la liste.
Le film 'Top Gun' est déjà dans la liste.
Ajout du film 'The Dark Knight' à la liste.
Ajout du film 'The Dark Knight' à la liste.
Le film 'The Dark Knight' est déjà dans la liste.
Ajout du film 'La La Land' à la liste.
Ajout du film 'La La Land' à la liste.
Le film 'La La Land' est déjà dans la liste.
Obtention de la liste alphabétique des noms de films.
Affichage de tous les films.
Affichage de tous les films.
Obtention du nombre de films par genre.
Obtention de la liste des films favoris.
Obtention de la liste des films pour le genre 'Action'.
Affichage de tous les films.
Ajout du film 'Fight Club' à la liste.
Ajout du film 'Fight Club' à la liste.
Le film 'Fight Club' est déjà dans la liste.
Ajout du film 'Star Wars' à la liste.
Ajout du film 'Star Wars' à la liste.
Le film 'Star Wars' est déjà dans la liste.
Ajout du film 'Ca' à la liste.
Ajout du film 'Ca' à la liste.
Le film 'Ca' est déjà dans la liste.
Ajout du film 'Top Gun' à la liste.
Ajout du film 'Top Gun' à la liste.
Le film 'Top Gun' est déjà dans la liste.
Ajout du film 'The Dark Knight' à la liste.
Ajout du film 'The Dark Knight' à la liste.
Le film 'The Dark Knight' est déjà dans la liste.
Ajout du film 'La La Land' à la liste.
Ajout du film 'La La Land' à la liste.
Le film 'La La Land' est déjà dans la liste.
Obtention de la liste alphabétique des noms de films.
Affichage de tous les films.
Affichage de tous les films.
Obtention du nombre de films par genre.
Obtention de la liste des films favoris.
Obtention de la liste des films pour le genre 'Action'.
Affichage de tous les films.
Ajout du film 'Fight Club' à la liste.
Création du film 'Fight Club' dans la liste.
Le film 'Fight Club' est déjà dans la liste.
Ajout du film 'Star Wars' à la liste.
Création du film 'Star Wars' dans la liste.
Le film 'Star Wars' est déjà dans la liste.
Ajout du film 'Ca' à la liste.
Création du film 'Ca' dans la liste.
Le film 'Ca' est déjà dans la liste.
Ajout du film 'Top Gun' à la liste.
Création du film 'Top Gun' dans la liste.
Le film 'Top Gun' est déjà dans la liste.
Ajout du film 'The Dark Knight' à la liste.
Création du film 'The Dark Knight' dans la liste.
Le film 'The Dark Knight' est déjà dans la liste.
Ajout du film 'La La Land' à la liste.
Création du film 'La La Land' dans la liste.
Le film 'La La Land' est déjà dans la liste.
Obtention de la liste alphabétique des noms de films.
Affichage de tous les films.
Affichage de tous les films.
Obtention du nombre de films par genre.
Obtention de la liste des films favoris.
Obtention de la liste des films pour le genre 'Action'.
Affichage de tous les films.
Ajout du film 'Fight Club' à la liste.
Création du film 'Fight Club' dans la liste.
Le film 'Fight Club' est déjà dans la liste.
Ajout du film 'Star Wars' à la liste.
Création du film 'Star Wars' dans la liste.
Le film 'Star Wars' est déjà dans la liste.
Ajout du film 'Ca' à la liste.
Création du film 'Ca' dans la liste.
Le film 'Ca' est déjà dans la liste.
Ajout du film 'Top Gun' à la liste.
Création du film 'Top Gun' dans la liste.
Le film 'Top Gun' est déjà dans la liste.
Ajout du film 'The Dark Knight' à la liste.
Création du film 'The Dark Knight' dans la liste.
Le film 'The Dark Knight' est déjà dans la liste.
Ajout du film 'La La Land' à la liste.
Création du film 'La La Land' dans la liste.
Le film 'La La Land' est déjà dans la liste.
Obtention de la liste alphabétique des noms de films.
Affichage de tous les films.
Affichage de tous les films.
Obtention du nombre de films par genre.
Obtention de la liste des films favoris.
Obtention de la liste des films pour le genre 'Action'.
Affichage de tous les films.
Ajout du film 'Fight Club' à la liste.
Création du film 'Fight Club' dans la liste.
Le film 'Fight Club' est déjà dans la liste.
Ajout du film 'Star Wars' à la liste.
Création du film 'Star Wars' dans la liste.
Le film 'Star Wars' est déjà dans la liste.
Ajout du film 'Ca' à la liste.
Création du film 'Ca' dans la liste.
Le film 'Ca' est déjà dans la liste.
Ajout du film 'Top Gun' à la liste.
Création du film 'Top Gun' dans la liste.
Le film 'Top Gun' est déjà dans la liste.
Ajout du film 'The Dark Knight' à la liste.
Création du film 'The Dark Knight' dans la liste.
Le film 'The Dark Knight' est déjà dans la liste.
Ajout du film 'La La Land' à la liste.
Création du film 'La La Land' dans la liste.
Le film 'La La Land' est déjà dans la liste.
Obtention de la liste alphabétique des noms de films.
Affichage de tous les films.
Affichage de tous les films.
Obtention du nombre de films par genre.
Obtention de la liste des films favoris.
Obtention de la liste des films pour le genre 'Action'.
Ajout du film 'Fight Club' à la liste.
Création du film 'Fight Club' dans la liste.
Le film 'Fight Club' est déjà dans la liste.
Ajout du film 'Star Wars' à la liste.
Création du film 'Star Wars' dans la liste.
Le film 'Star Wars' est déjà dans la liste.
Ajout du film 'Ca' à la liste.
Création du film 'Ca' dans la liste.
Le film 'Ca' est déjà dans la liste.
Ajout du film 'Top Gun' à la liste.
Création du film 'Top Gun' dans la liste.
Le film 'Top Gun' est déjà dans la liste.
Ajout du film 'The Dark Knight' à la liste.
Création du film 'The Dark Knight' dans la liste.
Le film 'The Dark Knight' est déjà dans la liste.
Ajout du film 'La La Land' à la liste.
Création du film 'La La Land' dans la liste.
Le film 'La La Land' est déjà dans la liste.
Obtention de la liste alphabétique des noms de films.
Affichage de tous les films.
Affichage de tous les films.
Obtention du nombre de films par genre.
Obtention de la liste des films favoris.
Obtention de la liste des films pour le genre 'Action'.
Affichage de tous les films.
Création du film 'Fight Club' dans la liste.
Ajout du film 'Fight Club' à la liste.
Création du film 'Star Wars' dans la liste.
Ajout du film 'Star Wars' à la liste.
Création du film 'Ca' dans la liste.
Ajout du film 'Ca' à la liste.
Création du film 'Top Gun' dans la liste.
Ajout du film 'Top Gun' à la liste.
Création du film 'The Dark Knight' dans la liste.
Ajout du film 'The Dark Knight' à la liste.
Création du film 'La La Land' dans la liste.
Ajout du film 'La La Land' à la liste.
Obtention de la liste alphabétique des noms de films.
Affichage de tous les films.
Affichage de tous les films.
Obtention du nombre de films par genre.
Obtention de la liste des films favoris.
Obtention de la liste des films pour le genre 'Action'.
Affichage de tous les films.
Création du film 'Fight Club' dans la liste.
Ajout du film 'Fight Club' à la liste.
Création du film 'Star Wars' dans la liste.
Ajout du film 'Star Wars' à la liste.
Création du film 'Ca' dans la liste.
Ajout du film 'Ca' à la liste.
Création du film 'Top Gun' dans la liste.
Ajout du film 'Top Gun' à la liste.
Création du film 'The Dark Knight' dans la liste.
Ajout du film 'The Dark Knight' à la liste.
Création du film 'La La Land' dans la liste.
Ajout du film 'La La Land' à la liste.
Obtention de la liste alphabétique des noms de films.
Affichage de tous les films.
Affichage de tous les films.
Obtention du nombre de films par genre.
Obtention de la liste des films favoris.
Obtention de la liste des films pour le genre 'Action'.
Affichage de tous les films.
Ajout du film 'Fight Club' à la liste.
Ajout du film 'Fight Club' à la liste.
Le film 'Fight Club' est déjà dans la liste.
Ajout du film 'Star Wars' à la liste.
Ajout du film 'Star Wars' à la liste.
Le film 'Star Wars' est déjà dans la liste.
Ajout du film 'Ca' à la liste.
Ajout du film 'Ca' à la liste.
Le film 'Ca' est déjà dans la liste.
Ajout du film 'Top Gun' à la liste.
Ajout du film 'Top Gun' à la liste.
Le film 'Top Gun' est déjà dans la liste.
Ajout du film 'The Dark Knight' à la liste.
Ajout du film 'The Dark Knight' à la liste.
Le film 'The Dark Knight' est déjà dans la liste.
Ajout du film 'La La Land' à la liste.
Ajout du film 'La La Land' à la liste.
Le film 'La La Land' est déjà dans la liste.
Obtention de la liste alphabétique des noms de films.
Affichage de tous les films.
Affichage de tous les films.
Obtention du nombre de films par genre.
Obtention de la liste des films favoris.
Obtention de la liste des films pour le genre 'Action'.
Affichage de tous les films.
Ajout du film 'Fight Club' à la liste.
Création du film 'Fight Club' dans la liste.
Le film 'Fight Club' est déjà dans la liste.
Ajout du film 'Star Wars' à la liste.
Création du film 'Star Wars' dans la liste.
Le film 'Star Wars' est déjà dans la liste.
Ajout du film 'Ca' à la liste.
Création du film 'Ca' dans la liste.
Le film 'Ca' est déjà dans la liste.
Ajout du film 'Top Gun' à la liste.
Création du film 'Top Gun' dans la liste.
Le film 'Top Gun' est déjà dans la liste.
Ajout du film 'The Dark Knight' à la liste.
Création du film 'The Dark Knight' dans la liste.
Le film 'The Dark Knight' est déjà dans la liste.
Ajout du film 'La La Land' à la liste.
Création du film 'La La Land' dans la liste.
Le film 'La La Land' est déjà dans la liste.
Obtention de la liste alphabétique des noms de films.
Affichage de tous les films.
Affichage de tous les films.
Obtention du nombre de films par genre.
Obtention de la liste des films favoris.
Obtention de la liste des films pour le genre 'Action'.
Affichage de tous les films.
Ajout du film 'Fight Club' à la liste.
Ajout du film 'Fight Club' à la liste.
Le film 'Fight Club' est déjà dans la liste.
Ajout du film 'Star Wars' à la liste.
Ajout du film 'Star Wars' à la liste.
Le film 'Star Wars' est déjà dans la liste.
Ajout du film 'Ca' à la liste.
Ajout du film 'Ca' à la liste.
Le film 'Ca' est déjà dans la liste.
Ajout du film 'Top Gun' à la liste.
Ajout du film 'Top Gun' à la liste.
Le film 'Top Gun' est déjà dans la liste.
Ajout du film 'The Dark Knight' à la liste.
Ajout du film 'The Dark Knight' à la liste.
Le film 'The Dark Knight' est déjà dans la liste.
Ajout du film 'La La Land' à la liste.
Ajout du film 'La La Land' à la liste.
Le film 'La La Land' est déjà dans la liste.
Obtention de la liste alphabétique des noms de films.
Affichage de tous les films.
Affichage de tous les films.
Obtention du nombre de films par genre.
Obtention de la liste des films favoris.
Obtention de la liste des films pour le genre 'Action'.
Affichage de tous les films.
Ajout du film 'Fight Club' à la liste.
Création du film 'Fight Club' dans la liste.
Le film 'Fight Club' est déjà dans la liste.
Ajout du film 'Star Wars' à la liste.
Création du film 'Star Wars' dans la liste.
Le film 'Star Wars' est déjà dans la liste.
Ajout du film 'Ca' à la liste.
Création du film 'Ca' dans la liste.
Le film 'Ca' est déjà dans la liste.
Ajout du film 'Top Gun' à la liste.
Création du film 'Top Gun' dans la liste.
Le film 'Top Gun' est déjà dans la liste.
Ajout du film 'The Dark Knight' à la liste.
Création du film 'The Dark Knight' dans la liste.
Le film 'The Dark Knight' est déjà dans la liste.
Ajout du film 'La La Land' à la liste.
Création du film 'La La Land' dans la liste.
Le film 'La La Land' est déjà dans la liste.
Obtention de la liste alphabétique des noms de films.
Affichage de tous les films.
Affichage de tous les films.
Obtention du nombre de films par genre.
Obtention de la liste des films favoris.
Obtention de la liste des films pour le genre 'Action'.
Affichage de tous les films.
Ajout du film 'Fight Club' à la liste.
Création du film 'Fight Club' dans la liste.
Le film 'Fight Club' est déjà dans la liste.
Ajout du film 'Star Wars' à la liste.
Création du film 'Star Wars' dans la liste.
Le film 'Star Wars' est déjà dans la liste.
Ajout du film 'Ca' à la liste.
Création du film 'Ca' dans la liste.
Le film 'Ca' est déjà dans la liste.
Ajout du film 'Top Gun' à la liste.
Création du film 'Top Gun' dans la liste.
Le film 'Top Gun' est déjà dans la liste.
Ajout du film 'The Dark Knight' à la liste.
Création du film 'The Dark Knight' dans la liste.
Le film 'The Dark Knight' est déjà dans la liste.
Ajout du film 'La La Land' à la liste.
Création du film 'La La Land' dans la liste.
Le film 'La La Land' est déjà dans la liste.
Obtention de la liste alphabétique des noms de films.
Affichage de tous les films.
Affichage de tous les films.
Obtention du nombre de films par genre.
Obtention de la liste des films favoris.
Obtention de la liste des films pour le genre 'Action'.
Affichage de tous les films.
Ajout du film 'Fight Club' à la liste.
Création du film 'Fight Club' dans la liste.
Le film 'Fight Club' est déjà dans la liste.
Ajout du film 'Star Wars' à la liste.
Création du film 'Star Wars' dans la liste.
Le film 'Star Wars' est déjà dans la liste.
Ajout du film 'Ca' à la liste.
Création du film 'Ca' dans la liste.
Le film 'Ca' est déjà dans la liste.
Ajout du film 'Top Gun' à la liste.
Création du film 'Top Gun' dans la liste.
Le film 'Top Gun' est déjà dans la liste.
Ajout du film 'The Dark Knight' à la liste.
Création du film 'The Dark Knight' dans la liste.
Le film 'The Dark Knight' est déjà dans la liste.
Ajout du film 'La La Land' à la liste.
Création du film 'La La Land' dans la liste.
Le film 'La La Land' est déjà dans la liste.
Obtention de la liste alphabétique des noms de films.
Affichage de tous les films.
Affichage de tous les films.
Obtention du nombre de films par genre.
Obtention de la liste des films favoris.
Obtention de la liste des films pour le genre 'Action'.
Affichage de tous les films.
Ajout du film 'Fight Club' à la liste.
Création du film 'Fight Club' dans la liste.
Le film 'Fight Club' est déjà dans la liste.
Ajout du film 'Star Wars' à la liste.
Création du film 'Star Wars' dans la liste.
Le film 'Star Wars' est déjà dans la liste.
Ajout du film 'Ca' à la liste.
Création du film 'Ca' dans la liste.
Le film 'Ca' est déjà dans la liste.
Ajout du film 'Top Gun' à la liste.
Création du film 'Top Gun' dans la liste.
Le film 'Top Gun' est déjà dans la liste.
Ajout du film 'The Dark Knight' à la liste.
Création du film 'The Dark Knight' dans la liste.
Le film 'The Dark Knight' est déjà dans la liste.
Ajout du film 'La La Land' à la liste.
Création du film 'La La Land' dans la liste.
Le film 'La La Land' est déjà dans la liste.
Obtention de la liste alphabétique des noms de films.
Affichage de tous les films.
Affichage de tous les films.
Obtention du nombre de films par genre.
Obtention de la liste des films favoris.
Obtention de la liste des films pour le genre 'Action'.
Affichage de tous les films.
Ajout du film 'Fight Club' à la liste.
Création du film 'Fight Club' dans la liste.
Le film 'Fight Club' est déjà dans la liste.
Ajout du film 'Star Wars' à la liste.
Création du film 'Star Wars' dans la liste.
Le film 'Star Wars' est déjà dans la liste.
Ajout du film 'Ca' à la liste.
Création du film 'Ca' dans la liste.
Le film 'Ca' est déjà dans la liste.
Ajout du film 'Top Gun' à la liste.
Création du film 'Top Gun' dans la liste.
Le film 'Top Gun' est déjà dans la liste.
Ajout du film 'The Dark Knight' à la liste.
Création du film 'The Dark Knight' dans la liste.
Le film 'The Dark Knight' est déjà dans la liste.
Ajout du film 'La La Land' à la liste.
Création du film 'La La Land' dans la liste.
Le film 'La La Land' est déjà dans la liste.
Obtention de la liste alphabétique des noms de films.
Affichage de tous les films.
Affichage de tous les films.
Obtention du nombre de films par genre.
Obtention de la liste des films favoris.
Obtention de la liste des films pour le genre 'Action'.
Ajout du film 'Fight Club' à la liste.
Création du film 'Fight Club' dans la liste.
Le film 'Fight Club' est déjà dans la liste.
Ajout du film 'Star Wars' à la liste.
Création du film 'Star Wars' dans la liste.
Le film 'Star Wars' est déjà dans la liste.
Ajout du film 'Ca' à la liste.
Création du film 'Ca' dans la liste.
Le film 'Ca' est déjà dans la liste.
Ajout du film 'Top Gun' à la liste.
Création du film 'Top Gun' dans la liste.
Le film 'Top Gun' est déjà dans la liste.
Ajout du film 'The Dark Knight' à la liste.
Création du film 'The Dark Knight' dans la liste.
Le film 'The Dark Knight' est déjà dans la liste.
Ajout du film 'La La Land' à la liste.
Création du film 'La La Land' dans la liste.
Le film 'La La Land' est déjà dans la liste.
Obtention de la liste alphabétique des noms de films.
Affichage de tous les films.
Affichage de tous les films.
Obtention du nombre de films par genre.
Obtention de la liste des films favoris.
Obtention de la liste des films pour le genre 'Action'.
Affichage de tous les films.
Création du film 'Fight Club' dans la liste.
Ajout du film 'Fight Club' à la liste.
Le film 'Fight Club' est déjà dans la liste.
Création du film 'Star Wars' dans la liste.
Ajout du film 'Star Wars' à la liste.
Le film 'Star Wars' est déjà dans la liste.
Création du film 'Ca' dans la liste.
Ajout du film 'Ca' à la liste.
Le film 'Ca' est déjà dans la liste.
Création du film 'Top Gun' dans la liste.
Ajout du film 'Top Gun' à la liste.
Le film 'Top Gun' est déjà dans la liste.
Création du film 'The Dark Knight' dans la liste.
Ajout du film 'The Dark Knight' à la liste.
Le film 'The Dark Knight' est déjà dans la liste.
Création du film 'La La Land' dans la liste.
Ajout du film 'La La Land' à la liste.
Le film 'La La Land' est déjà dans la liste.
Obtention de la liste alphabétique des noms de films.
Affichage de tous les films.
Affichage de tous les films.
Obtention du nombre de films par genre.
Obtention de la liste des films favoris.
Obtention de la liste des films pour le genre 'Action'.
Affichage de tous les films.
Création du film 'Fight Club' dans la liste.
Ajout du film 'Fight Club' à la liste.
Echec, le film 'Fight Club' est déjà dans la liste.
Création du film 'Star Wars' dans la liste.
Ajout du film 'Star Wars' à la liste.
Echec, le film 'Star Wars' est déjà dans la liste.
Création du film 'Ca' dans la liste.
Ajout du film 'Ca' à la liste.
Echec, le film 'Ca' est déjà dans la liste.
Création du film 'Top Gun' dans la liste.
Ajout du film 'Top Gun' à la liste.
Echec, le film 'Top Gun' est déjà dans la liste.
Création du film 'The Dark Knight' dans la liste.
Ajout du film 'The Dark Knight' à la liste.
Echec, le film 'The Dark Knight' est déjà dans la liste.
Création du film 'La La Land' dans la liste.
Ajout du film 'La La Land' à la liste.
Echec, le film 'La La Land' est déjà dans la liste.
Obtention de la liste alphabétique des noms de films.
Affichage de tous les films.
Affichage de tous les films.
Obtention du nombre de films par genre.
Obtention de la liste des films favoris.
Obtention de la liste des films pour le genre 'Action'.
Affichage de tous les films.
Création du film 'Fight Club' dans la liste.
Ajout du film 'Fight Club' à la liste.
Echec, le film 'Fight Club' est déjà dans la liste.
Création du film 'Star Wars' dans la liste.
Ajout du film 'Star Wars' à la liste.
Echec, le film 'Star Wars' est déjà dans la liste.
Création du film 'Ca' dans la liste.
Ajout du film 'Ca' à la liste.
Echec, le film 'Ca' est déjà dans la liste.
Création du film 'Top Gun' dans la liste.
Ajout du film 'Top Gun' à la liste.
Echec, le film 'Top Gun' est déjà dans la liste.
Création du film 'The Dark Knight' dans la liste.
Ajout du film 'The Dark Knight' à la liste.
Echec, le film 'The Dark Knight' est déjà dans la liste.
Création du film 'La La Land' dans la liste.
Ajout du film 'La La Land' à la liste.
Echec, le film 'La La Land' est déjà dans la liste.
Obtention de la liste alphabétique des noms de films.
Affichage de tous les films.
Affichage de tous les films.
Obtention du nombre de films par genre.
Obtention de la liste des films favoris.
Obtention de la liste des films pour le genre 'Action'.
Affichage de tous les films.
Création du film 'Fight Club' dans la liste.
Ajout du film 'Fight Club' à la liste.
Echec, le film 'Fight Club' est déjà dans la liste.
Création du film 'Star Wars' dans la liste.
Ajout du film 'Star Wars' à la liste.
Echec, le film 'Star Wars' est déjà dans la liste.
Création du film 'Ca' dans la liste.
Ajout du film 'Ca' à la liste.
Echec, le film 'Ca' est déjà dans la liste.
Création du film 'Top Gun' dans la liste.
Ajout du film 'Top Gun' à la liste.
Echec, le film 'Top Gun' est déjà dans la liste.
Création du film 'The Dark Knight' dans la liste.
Ajout du film 'The Dark Knight' à la liste.
Echec, le film 'The Dark Knight' est déjà dans la liste.
Création du film 'La La Land' dans la liste.
Ajout du film 'La La Land' à la liste.
Echec, le film 'La La Land' est déjà dans la liste.
Obtention de la liste alphabétique des noms de films.
Affichage de tous les films.
Affichage de tous les films.
Obtention du nombre de films par genre.
Obtention de la liste des films favoris.
Obtention de la liste des films pour le genre 'Action'.
Affichage de tous les films.
Création du film 'Fight Club' dans la liste.
Ajout du film 'Fight Club' à la liste.
Echec, le film 'Fight Club' est déjà dans la liste.
Création du film 'Star Wars' dans la liste.
Ajout du film 'Star Wars' à la liste.
Echec, le film 'Star Wars' est déjà dans la liste.
Création du film 'Ca' dans la liste.
Ajout du film 'Ca' à la liste.
Echec, le film 'Ca' est déjà dans la liste.
Création du film 'Top Gun' dans la liste.
Ajout du film 'Top Gun' à la liste.
Echec, le film 'Top Gun' est déjà dans la liste.
Création du film 'The Dark Knight' dans la liste.
Ajout du film 'The Dark Knight' à la liste.
Echec, le film 'The Dark Knight' est déjà dans la liste.
Création du film 'La La Land' dans la liste.
Ajout du film 'La La Land' à la liste.
Echec, le film 'La La Land' est déjà dans la liste.
Obtention de la liste alphabétique des noms de films.
Affichage de tous les films.
Affichage de tous les films.
Obtention du nombre de films par genre.
Obtention de la liste des films favoris.
Obtention de la liste des films pour le genre 'Action'.
Affichage de tous les films.
Création du film 'Fight Club' dans la liste.
Ajout du film 'Fight Club' à la liste.
Echec, le film 'Fight Club' est déjà dans la liste.
Création du film 'Star Wars' dans la liste.
Ajout du film 'Star Wars' à la liste.
Echec, le film 'Star Wars' est déjà dans la liste.
Création du film 'Ca' dans la liste.
Ajout du film 'Ca' à la liste.
Echec, le film 'Ca' est déjà dans la liste.
Création du film 'Top Gun' dans la liste.
Ajout du film 'Top Gun' à la liste.
Echec, le film 'Top Gun' est déjà dans la liste.
Création du film 'The Dark Knight' dans la liste.
Ajout du film 'The Dark Knight' à la liste.
Echec, le film 'The Dark Knight' est déjà dans la liste.
Création du film 'La La Land' dans la liste.
Ajout du film 'La La Land' à la liste.
Echec, le film 'La La Land' est déjà dans la liste.
Obtention de la liste alphabétique des noms de films.
Affichage de tous les films.
Affichage de tous les films.
Obtention du nombre de films par genre.
Obtention de la liste des films favoris.
Obtention de la liste des films pour le genre 'Action'.
Affichage de tous les films.
Création du film 'Fight Club' dans la liste.
Ajout du film 'Fight Club' à la liste.
Echec, le film 'Fight Club' est déjà dans la liste.
Création du film 'Star Wars' dans la liste.
Ajout du film 'Star Wars' à la liste.
Echec, le film 'Star Wars' est déjà dans la liste.
Création du film 'Ca' dans la liste.
Ajout du film 'Ca' à la liste.
Echec, le film 'Ca' est déjà dans la liste.
Création du film 'Top Gun' dans la liste.
Ajout du film 'Top Gun' à la liste.
Echec, le film 'Top Gun' est déjà dans la liste.
Création du film 'The Dark Knight' dans la liste.
Ajout du film 'The Dark Knight' à la liste.
Echec, le film 'The Dark Knight' est déjà dans la liste.
Création du film 'La La Land' dans la liste.
Ajout du film 'La La Land' à la liste.
Echec, le film 'La La Land' est déjà dans la liste.
Obtention de la liste alphabétique des noms de films.
Affichage de tous les films.
Affichage de tous les films.
Obtention du nombre de films par genre.
Obtention de la liste des films favoris.
Obtention de la liste des films pour le genre 'Action'.
Affichage de tous les films.
Création du film 'Fight Club' dans la liste.
Ajout du film 'Fight Club' à la liste.
Echec, le film 'Fight Club' est déjà dans la liste.
Création du film 'Star Wars' dans la liste.
Ajout du film 'Star Wars' à la liste.
Echec, le film 'Star Wars' est déjà dans la liste.
Création du film 'Ca' dans la liste.
Ajout du film 'Ca' à la liste.
Echec, le film 'Ca' est déjà dans la liste.
Création du film 'Top Gun' dans la liste.
Ajout du film 'Top Gun' à la liste.
Echec, le film 'Top Gun' est déjà dans la liste.
Création du film 'The Dark Knight' dans la liste.
Ajout du film 'The Dark Knight' à la liste.
Echec, le film 'The Dark Knight' est déjà dans la liste.
Création du film 'La La Land' dans la liste.
Ajout du film 'La La Land' à la liste.
Echec, le film 'La La Land' est déjà dans la liste.
Obtention de la liste alphabétique des noms de films.
Affichage de tous les films.
Affichage de tous les films.
Obtention du nombre de films par genre.
Obtention de la liste des films favoris.
Obtention de la liste des films pour le genre 'Action'.
Affichage de tous les films.
Création du film 'Fight Club' dans la liste.
Ajout du film 'Fight Club' à la liste.
Echec, le film 'Fight Club' est déjà dans la liste.
Création du film 'Star Wars' dans la liste.
Ajout du film 'Star Wars' à la liste.
Echec, le film 'Star Wars' est déjà dans la liste.
Création du film 'Ca' dans la liste.
Ajout du film 'Ca' à la liste.
Echec, le film 'Ca' est déjà dans la liste.
Création du film 'Top Gun' dans la liste.
Ajout du film 'Top Gun' à la liste.
Echec, le film 'Top Gun' est déjà dans la liste.
Création du film 'The Dark Knight' dans la liste.
Ajout du film 'The Dark Knight' à la liste.
Echec, le film 'The Dark Knight' est déjà dans la liste.
Création du film 'La La Land' dans la liste.
Ajout du film 'La La Land' à la liste.
Echec, le film 'La La Land' est déjà dans la liste.
Obtention de la liste alphabétique des noms de films.
Affichage de tous les films.
Affichage de tous les films.
Obtention du nombre de films par genre.
Obtention de la liste des films favoris.
Obtention de la liste des films pour le genre 'Action'.
Affichage de tous les films.
Création du film 'Fight Club' dans la liste.
Ajout du film 'Fight Club' à la liste.
Echec, le film 'Fight Club' est déjà dans la liste.
Création du film 'Star Wars' dans la liste.
Ajout du film 'Star Wars' à la liste.
Echec, le film 'Star Wars' est déjà dans la liste.
Création du film 'Ca' dans la liste.
Ajout du film 'Ca' à la liste.
Echec, le film 'Ca' est déjà dans la liste.
Création du film 'Top Gun' dans la liste.
Ajout du film 'Top Gun' à la liste.
Echec, le film 'Top Gun' est déjà dans la liste.
Création du film 'The Dark Knight' dans la liste.
Ajout du film 'The Dark Knight' à la liste.
Echec, le film 'The Dark Knight' est déjà dans la liste.
Création du film 'La La Land' dans la liste.
Ajout du film 'La La Land' à la liste.
Echec, le film 'La La Land' est déjà dans la liste.
Obtention de la liste alphabétique des noms de films.
Affichage de tous les films.
Affichage de tous les films.
Obtention du nombre de films par genre.
Obtention de la liste des films favoris.
Obtention de la liste des films pour le genre 'Action'.
Affichage de tous les films.
Création du film 'Fight Club' dans la liste.
Création du film 'Fight Club' dans la liste.
Création du film 'Fight Club' dans la liste.
Création du film 'Fight Club' dans la liste.
2023-11-21 09:38:00 - Création du film 'Fight Club' dans la liste.
2023-11-21 09:38:00 - Ajout du film 'Fight Club' à la liste.
2023-11-21 09:38:00 - Echec, le film 'Fight Club' est déjà dans la liste.
2023-11-21 09:38:00 - Création du film 'Star Wars' dans la liste.
2023-11-21 09:38:00 - Ajout du film 'Star Wars' à la liste.
2023-11-21 09:38:00 - Echec, le film 'Star Wars' est déjà dans la liste.
2023-11-21 09:38:00 - Création du film 'Ca' dans la liste.
2023-11-21 09:38:00 - Ajout du film 'Ca' à la liste.
2023-11-21 09:38:00 - Echec, le film 'Ca' est déjà dans la liste.
2023-11-21 09:38:00 - Création du film 'Top Gun' dans la liste.
2023-11-21 09:38:00 - Ajout du film 'Top Gun' à la liste.
2023-11-21 09:38:00 - Echec, le film 'Top Gun' est déjà dans la liste.
2023-11-21 09:38:00 - Création du film 'The Dark Knight' dans la liste.
2023-11-21 09:38:00 - Ajout du film 'The Dark Knight' à la liste.
2023-11-21 09:38:00 - Echec, le film 'The Dark Knight' est déjà dans la liste.
2023-11-21 09:38:00 - Création du film 'La La Land' dans la liste.
2023-11-21 09:38:00 - Ajout du film 'La La Land' à la liste.
2023-11-21 09:38:00 - Echec, le film 'La La Land' est déjà dans la liste.
2023-11-21 09:38:00 - Obtention de la liste alphabétique des noms de films.
2023-11-21 09:38:00 - Affichage de tous les films.
2023-11-21 09:38:00 - Affichage de tous les films.
2023-11-21 09:38:00 - Obtention du nombre de films par genre.
2023-11-21 09:38:00 - Obtention de la liste des films favoris.
2023-11-21 09:38:00 - Obtention de la liste des films pour le genre 'Action'.
2023-11-21 09:38:00 - Affichage de tous les films.
2023-11-21 09:57:34 - Création du film 'Fight Club' dans la liste.
2023-11-21 09:57:34 - Ajout du film 'Fight Club' à la liste.
2023-11-21 09:57:34 - Echec, le film 'Fight Club' est déjà dans la liste.
2023-11-21 09:57:34 - Création du film 'Star Wars' dans la liste.
2023-11-21 09:57:34 - Ajout du film 'Star Wars' à la liste.
2023-11-21 09:57:34 - Echec, le film 'Star Wars' est déjà dans la liste.
2023-11-21 09:57:34 - Création du film 'Ca' dans la liste.
2023-11-21 09:57:34 - Ajout du film 'Ca' à la liste.
2023-11-21 09:57:34 - Echec, le film 'Ca' est déjà dans la liste.
2023-11-21 09:57:34 - Création du film 'Top Gun' dans la liste.
2023-11-21 09:57:34 - Ajout du film 'Top Gun' à la liste.
2023-11-21 09:57:34 - Echec, le film 'Top Gun' est déjà dans la liste.
2023-11-21 09:57:34 - Création du film 'The Dark Knight' dans la liste.
2023-11-21 09:57:34 - Ajout du film 'The Dark Knight' à la liste.
2023-11-21 09:57:34 - Echec, le film 'The Dark Knight' est déjà dans la liste.
2023-11-21 09:57:34 - Création du film 'La La Land' dans la liste.
2023-11-21 09:57:34 - Ajout du film 'La La Land' à la liste.
2023-11-21 09:57:34 - Echec, le film 'La La Land' est déjà dans la liste.
2023-11-21 09:57:34 - Obtention de la liste alphabétique des noms de films.
2023-11-21 09:57:34 - Affichage de tous les films.
2023-11-21 09:57:34 - Affichage de tous les films.
2023-11-21 09:57:34 - Obtention du nombre de films par genre.
2023-11-21 09:57:34 - Obtention de la liste des films favoris.
2023-11-21 09:57:34 - Obtention de la liste des films pour le genre 'Action'.
2023-11-21 09:57:55 - Création du film 'Fight Club' dans la liste.
2023-11-21 09:57:55 - Ajout du film 'Fight Club' à la liste.
2023-11-21 09:57:55 - Echec, le film 'Fight Club' est déjà dans la liste.
2023-11-21 09:57:55 - Création du film 'Star Wars' dans la liste.
2023-11-21 09:57:55 - Ajout du film 'Star Wars' à la liste.
2023-11-21 09:57:55 - Echec, le film 'Star Wars' est déjà dans la liste.
2023-11-21 09:57:55 - Création du film 'Ca' dans la liste.
2023-11-21 09:57:55 - Ajout du film 'Ca' à la liste.
2023-11-21 09:57:55 - Echec, le film 'Ca' est déjà dans la liste.
2023-11-21 09:57:55 - Création du film 'Top Gun' dans la liste.
2023-11-21 09:57:55 - Ajout du film 'Top Gun' à la liste.
2023-11-21 09:57:55 - Echec, le film 'Top Gun' est déjà dans la liste.
2023-11-21 09:57:55 - Création du film 'The Dark Knight' dans la liste.
2023-11-21 09:57:55 - Ajout du film 'The Dark Knight' à la liste.
2023-11-21 09:57:55 - Echec, le film 'The Dark Knight' est déjà dans la liste.
2023-11-21 09:57:55 - Création du film 'La La Land' dans la liste.
2023-11-21 09:57:55 - Ajout du film 'La La Land' à la liste.
2023-11-21 09:57:55 - Echec, le film 'La La Land' est déjà dans la liste.
2023-11-21 09:57:55 - Obtention de la liste alphabétique des noms de films.
2023-11-21 09:57:55 - Affichage de tous les films.
2023-11-21 09:57:55 - Affichage de tous les films.
2023-11-21 09:57:55 - Obtention du nombre de films par genre.
2023-11-21 09:57:55 - Obtention de la liste des films favoris.
2023-11-21 09:57:55 - Obtention de la liste des films pour le genre 'Action'.
2023-11-21 09:58:46 - Création du film 'Le sixieme sens' dans la liste.
2023-11-21 09:58:46 - Ajout du film 'Le sixieme sens' à la liste.
2023-11-21 09:58:46 - Echec, le film 'Le sixieme sens' est déjà dans la liste.
2023-11-21 09:58:46 - Affichage de tous les films.
